<?xml version="1.0" encoding="UTF-8"?>
<!-- Generated by org.testng.reporters.JUnitXMLReporter -->
<testsuite hostname="pavel-PC" ignored="0" name="Default test" tests="8" failures="0" timestamp="31 אוג 2018 07:53:50 GMT" time="25.582" errors="0">
  <testcase name="apiTestUpdateorganizationLicensing" time="4.515" classname="com.italam.tests.Tests_API_REST"/>
  <testcase name="apiTest_AllCases" time="3.174" classname="com.italam.tests.Tests_API_REST"/>
  <testcase name="apiTest_CreateOrganizationGetPassword" time="1.272" classname="com.italam.tests.Tests_API_REST"/>
  <testcase name="apiTest_UpdateEmail" time="1.47" classname="com.italam.tests.Tests_API_REST"/>
  <testcase name="apiTest_UpdateOrgAdmin" time="1.708" classname="com.italam.tests.Tests_API_REST"/>
  <testcase name="apiTest_getInitialDatan" time="1.97" classname="com.italam.tests.Tests_API_REST"/>
  <testcase name="apiTest_getOrgAdmin" time="1.827" classname="com.italam.tests.Tests_API_REST"/>
  <testcase name="apiTest_getOrganizationProfile" time="1.548" classname="com.italam.tests.Tests_API_REST"/>
</testsuite> <!-- Default test -->
