<?xml version="1.0" encoding="UTF-8"?>
<!-- Generated by org.testng.reporters.JUnitXMLReporter -->
<testsuite hostname="YKM-MIS-006" ignored="4" tests="0" failures="0" timestamp="06 ספט 2017 08:47:19 GMT" time="0.006" errors="0">
  <testcase name="שליחת_דף_מקדים_בדיקה_מסד_נתונים" time="0.0" classname="com.crm.tests.SanityCRM">
    <ignored/>
  </testcase> <!-- שליחת_דף_מקדים_בדיקה_מסד_נתונים -->
  <testcase name="קריאת_שירות_פדקס" time="0.0" classname="com.crm.tests.SanityCRM">
    <ignored/>
  </testcase> <!-- קריאת_שירות_פדקס -->
  <testcase name="Product360" time="0.0" classname="com.crm.tests.SanityCRM">
    <ignored/>
  </testcase> <!-- Product360 -->
  <testcase name="שליחת_דף_מקדים" time="0.0" classname="com.crm.tests.SanityCRM">
    <ignored/>
  </testcase> <!-- שליחת_דף_מקדים -->
</testsuite>
