<?xml version="1.0" encoding="UTF-8"?>
<!-- Generated by org.testng.reporters.JUnitXMLReporter -->
<testsuite hostname="YKM-MIS-006" ignored="1" name="Sanity Test FireFox" tests="6" failures="0" timestamp="08 אוג 2017 13:54:29 GMT" time="37.324" errors="0">
  <testcase name="@BeforeClass Test_prepration_103663" time="24.798" classname="com.hotportal.tests.SanityHotPortalFireFox">
    <failure type="org.openqa.selenium.remote.UnreachableBrowserException" message="Could not start a new session. Possible causes are invalid address of the remote server or browser start-up failure.
Build info: version: &amp;apos;unknown&amp;apos;, revision: &amp;apos;unknown&amp;apos;, time: &amp;apos;unknown&amp;apos;
System info: host: &amp;apos;YKM-MIS-006&amp;apos;, ip: &amp;apos;8.200.208.131&amp;apos;, os.name: &amp;apos;Windows 7&amp;apos;, os.arch: &amp;apos;amd64&amp;apos;, os.version: &amp;apos;6.1&amp;apos;, java.version: &amp;apos;1.8.0_131&amp;apos;
Driver info: driver.version: FirefoxDriver">
      <![CDATA[org.openqa.selenium.remote.UnreachableBrowserException: Could not start a new session. Possible causes are invalid address of the remote server or browser start-up failure.
Build info: version: 'unknown', revision: 'unknown', time: 'unknown'
System info: host: 'YKM-MIS-006', ip: '8.200.208.131', os.name: 'Windows 7', os.arch: 'amd64', os.version: '6.1', java.version: '1.8.0_131'
Driver info: driver.version: FirefoxDriver
	at org.openqa.selenium.remote.RemoteWebDriver.execute(RemoteWebDriver.java:658)
	at org.openqa.selenium.remote.RemoteWebDriver.startSession(RemoteWebDriver.java:250)
	at org.openqa.selenium.remote.RemoteWebDriver.startSession(RemoteWebDriver.java:236)
	at org.openqa.selenium.remote.RemoteWebDriver.<init>(RemoteWebDriver.java:137)
	at org.openqa.selenium.firefox.FirefoxDriver.<init>(FirefoxDriver.java:191)
	at org.openqa.selenium.firefox.FirefoxDriver.<init>(FirefoxDriver.java:108)
	at org.openqa.selenium.firefox.FirefoxDriver.<init>(FirefoxDriver.java:104)
	at com.hotportal.utility.GeneralUtility.getWebDriver(GeneralUtility.java:43)
	at com.hotportal.tests.SanityHotPortalFireFox.Test_prepration_103663(SanityHotPortalFireFox.java:35)
	at java.util.concurrent.FutureTask.run(Unknown Source)
	at java.util.concurrent.ThreadPoolExecutor.runWorker(Unknown Source)
	at java.util.concurrent.ThreadPoolExecutor$Worker.run(Unknown Source)
	at java.lang.Thread.run(Unknown Source)
Caused by: java.lang.NullPointerException
	at org.openqa.selenium.remote.service.DriverService.waitUntilAvailable(DriverService.java:192)
	at org.openqa.selenium.firefox.XpiDriverService.start(XpiDriverService.java:94)
	at org.openqa.selenium.remote.service.DriverCommandExecutor.execute(DriverCommandExecutor.java:78)
	at org.openqa.selenium.remote.RemoteWebDriver.execute(RemoteWebDriver.java:637)
	... 28 more
... Removed 16 stack frames]]>
    </failure>
  </testcase> <!-- @BeforeClass Test_prepration_103663 -->
  <testcase name="@AfterClass End_Exectuion_103663" time="0.0" classname="com.hotportal.tests.SanityHotPortalFireFox">
    <skipped/>
  </testcase> <!-- @AfterClass End_Exectuion_103663 -->
  <testcase name="Customer_SpeedLogin_Excel_103663" time="0.001" classname="com.hotportal.tests.SanityHotPortalFireFox">
    <skipped/>
  </testcase> <!-- Customer_SpeedLogin_Excel_103663 -->
  <testcase name="Customer_SpeedLogin_Excel_103663" time="0.0" classname="com.hotportal.tests.SanityHotPortalFireFox">
    <skipped/>
  </testcase> <!-- Customer_SpeedLogin_Excel_103663 -->
  <testcase name="Customer_SpeedLogin_Excel_103663" time="0.0" classname="com.hotportal.tests.SanityHotPortalFireFox">
    <skipped/>
  </testcase> <!-- Customer_SpeedLogin_Excel_103663 -->
  <testcase name="Customer_SpeedLogin_Excel_103663" time="0.0" classname="com.hotportal.tests.SanityHotPortalFireFox">
    <skipped/>
  </testcase> <!-- Customer_SpeedLogin_Excel_103663 -->
  <testcase name="Customer_SpeedLogin_Excel_103663" time="0.0" classname="com.hotportal.tests.SanityHotPortalFireFox">
    <skipped/>
  </testcase> <!-- Customer_SpeedLogin_Excel_103663 -->
  <testcase name="Customer_SpeedLogin_Excel_103663" time="0.0" classname="com.hotportal.tests.SanityHotPortalFireFox">
    <skipped/>
  </testcase> <!-- Customer_SpeedLogin_Excel_103663 -->
  <testcase name="Customer_SpeedLogin_103663" time="0.0" classname="com.hotportal.tests.SanityHotPortalFireFox">
    <ignored/>
  </testcase> <!-- Customer_SpeedLogin_103663 -->
</testsuite> <!-- Sanity Test FireFox -->
