<?xml version="1.0" encoding="UTF-8"?>
<!-- Generated by org.testng.reporters.JUnitXMLReporter -->
<testsuite hostname="HOT-AutoSRV-01" ignored="0" name="Sanity Test Chrome" tests="6" failures="2" timestamp="26 Nov 2017 04:48:12 GMT" time="1082.829" errors="0">
  <testcase name="מכר_אתר_הוט" time="178.169" classname="com.hotportal.tests.SanityHotPortalChrome">
    <failure/>
  </testcase> <!-- מכר_אתר_הוט -->
  <testcase name="מכר_אתר_הוט" time="151.545" classname="com.hotportal.tests.SanityHotPortalChrome"/>
  <testcase name="מכר_אתר_הוט" time="119.945" classname="com.hotportal.tests.SanityHotPortalChrome"/>
  <testcase name="מכר_ממירים_CR2371" time="74.558" classname="com.hotportal.tests.SanityHotPortalChrome">
    <failure/>
  </testcase> <!-- מכר_ממירים_CR2371 -->
  <testcase name="מכר_ממירים_CR2371" time="187.108" classname="com.hotportal.tests.SanityHotPortalChrome"/>
  <testcase name="מכר_ממירים_CR2371" time="208.366" classname="com.hotportal.tests.SanityHotPortalChrome"/>
</testsuite> <!-- Sanity Test Chrome -->
