<?xml version="1.0" encoding="UTF-8"?>
<!-- Generated by org.testng.reporters.JUnitXMLReporter -->
<testsuite hostname="pavel-PC" ignored="0" name="API Tests" tests="8" failures="0" timestamp="24 אוק 2018 19:31:16 GMT" time="30.252" errors="0">
  <testcase name="apiTestUpdateorganizationLicensing" time="6.976" classname="com.italam.tests.Tests_API_REST"/>
  <testcase name="apiTest_AllCases" time="3.631" classname="com.italam.tests.Tests_API_REST"/>
  <testcase name="apiTest_CreateOrganizationGetPassword" time="1.43" classname="com.italam.tests.Tests_API_REST"/>
  <testcase name="apiTest_UpdateEmail" time="1.973" classname="com.italam.tests.Tests_API_REST"/>
  <testcase name="apiTest_UpdateOrgAdmin" time="2.068" classname="com.italam.tests.Tests_API_REST"/>
  <testcase name="apiTest_getInitialDatan" time="2.223" classname="com.italam.tests.Tests_API_REST"/>
  <testcase name="apiTest_getOrgAdmin" time="1.817" classname="com.italam.tests.Tests_API_REST"/>
  <testcase name="apiTest_getOrganizationProfile" time="1.647" classname="com.italam.tests.Tests_API_REST"/>
</testsuite> <!-- API Tests -->
