<?xml version="1.0" encoding="UTF-8"?>
<testsuite name="API Tests"
           tests="8"
           failures="0"
           errors="0"
           skipped="0"
           time="18.328">
  <properties />
  
  
            <testcase name="apiTest_getOrganizationProfile" time="1.663" classname="com.italam.tests.Tests_API_REST" />
                <testcase name="apiTest_UpdateEmail" time="2.067" classname="com.italam.tests.Tests_API_REST" />
                <testcase name="apiTest_getOrgAdmin" time="1.943" classname="com.italam.tests.Tests_API_REST" />
                <testcase name="apiTest_CreateOrganizationGetPassword" time="1.425" classname="com.italam.tests.Tests_API_REST" />
                <testcase name="apiTestUpdateorganizationLicensing" time="3.354" classname="com.italam.tests.Tests_API_REST" />
                <testcase name="apiTest_AllCases" time="3.523" classname="com.italam.tests.Tests_API_REST" />
                <testcase name="apiTest_UpdateOrgAdmin" time="2.178" classname="com.italam.tests.Tests_API_REST" />
                <testcase name="apiTest_getInitialDatan" time="2.175" classname="com.italam.tests.Tests_API_REST" />
      
</testsuite>
