<?xml version="1.0" encoding="UTF-8"?>
<testsuite name="Sanity Test FireFox"
           tests="8"
           failures="1"
           errors="0"
           skipped="7"
           time="27.751">
  <properties />
            <testcase name="Test_prepration_103663" time="27.751" classname="com.hotportal.tests.SanityFireFox">
                <failure type="org.openqa.selenium.remote.UnreachableBrowserException"
                  message="Could not start a new session. Possible causes are invalid address of the remote server or browser start-up failure.
Build info: version: &apos;unknown&apos;, revision: &apos;unknown&apos;, time: &apos;unknown&apos;
System info: host: &apos;YKM-MIS-006&apos;, ip: &apos;8.200.208.131&apos;, os.name: &apos;Windows 7&apos;, os.arch: &apos;amd64&apos;, os.version: &apos;6.1&apos;, java.version: &apos;1.8.0_131&apos;
Driver info: driver.version: FirefoxDriver"
              >
<![CDATA[org.openqa.selenium.remote.UnreachableBrowserException: Could not start a new session. Possible causes are invalid address of the remote server or browser start-up failure.
Build info: version: 'unknown', revision: 'unknown', time: 'unknown'
System info: host: 'YKM-MIS-006', ip: '8.200.208.131', os.name: 'Windows 7', os.arch: 'amd64', os.version: '6.1', java.version: '1.8.0_131'
Driver info: driver.version: FirefoxDriver
  org.openqa.selenium.remote.RemoteWebDriver.execute(RemoteWebDriver.java:658)
  org.openqa.selenium.remote.RemoteWebDriver.startSession(RemoteWebDriver.java:250)
  org.openqa.selenium.remote.RemoteWebDriver.startSession(RemoteWebDriver.java:236)
  org.openqa.selenium.remote.RemoteWebDriver.<init>(RemoteWebDriver.java:137)
  org.openqa.selenium.firefox.FirefoxDriver.<init>(FirefoxDriver.java:191)
  org.openqa.selenium.firefox.FirefoxDriver.<init>(FirefoxDriver.java:108)
  org.openqa.selenium.firefox.FirefoxDriver.<init>(FirefoxDriver.java:104)
  com.hotportal.utility.GeneralUtility.getWebDriver(GeneralUtility.java:31)
  com.hotportal.tests.SanityFireFox.Test_prepration_103663(SanityFireFox.java:35)
  sun.reflect.NativeMethodAccessorImpl.invoke0(Native Method)
  sun.reflect.NativeMethodAccessorImpl.invoke(Unknown Source)
  sun.reflect.DelegatingMethodAccessorImpl.invoke(Unknown Source)
  java.lang.reflect.Method.invoke(Unknown Source)
  org.testng.internal.MethodInvocationHelper.invokeMethod(MethodInvocationHelper.java:108)
  org.testng.internal.Invoker.invokeConfigurationMethod(Invoker.java:523)
  org.testng.internal.Invoker.invokeConfigurations(Invoker.java:224)
  org.testng.internal.Invoker.invokeConfigurations(Invoker.java:146)
  org.testng.internal.TestMethodWorker.invokeBeforeClassMethods(TestMethodWorker.java:166)
  org.testng.internal.TestMethodWorker.run(TestMethodWorker.java:105)
  org.testng.TestRunner.privateRun(TestRunner.java:744)
  org.testng.TestRunner.run(TestRunner.java:602)
  org.testng.SuiteRunner.runTest(SuiteRunner.java:380)
  org.testng.SuiteRunner.access$000(SuiteRunner.java:39)
  org.testng.SuiteRunner$SuiteWorker.run(SuiteRunner.java:414)
  org.testng.internal.thread.ThreadUtil$1.call(ThreadUtil.java:52)
  java.util.concurrent.FutureTask.run(Unknown Source)
  java.util.concurrent.ThreadPoolExecutor.runWorker(Unknown Source)
  java.util.concurrent.ThreadPoolExecutor$Worker.run(Unknown Source)
  java.lang.Thread.run(Unknown Source)
Caused by: java.lang.NullPointerException
  org.openqa.selenium.remote.service.DriverService.waitUntilAvailable(DriverService.java:192)
  org.openqa.selenium.firefox.XpiDriverService.start(XpiDriverService.java:94)
  org.openqa.selenium.remote.service.DriverCommandExecutor.execute(DriverCommandExecutor.java:78)
  org.openqa.selenium.remote.RemoteWebDriver.execute(RemoteWebDriver.java:637)
  org.openqa.selenium.remote.RemoteWebDriver.startSession(RemoteWebDriver.java:250)
  org.openqa.selenium.remote.RemoteWebDriver.startSession(RemoteWebDriver.java:236)
  org.openqa.selenium.remote.RemoteWebDriver.<init>(RemoteWebDriver.java:137)
  org.openqa.selenium.firefox.FirefoxDriver.<init>(FirefoxDriver.java:191)
  org.openqa.selenium.firefox.FirefoxDriver.<init>(FirefoxDriver.java:108)
  org.openqa.selenium.firefox.FirefoxDriver.<init>(FirefoxDriver.java:104)
  com.hotportal.utility.GeneralUtility.getWebDriver(GeneralUtility.java:31)
  com.hotportal.tests.SanityFireFox.Test_prepration_103663(SanityFireFox.java:35)
  sun.reflect.NativeMethodAccessorImpl.invoke0(Native Method)
  sun.reflect.NativeMethodAccessorImpl.invoke(Unknown Source)
  sun.reflect.DelegatingMethodAccessorImpl.invoke(Unknown Source)
  java.lang.reflect.Method.invoke(Unknown Source)
  org.testng.internal.MethodInvocationHelper.invokeMethod(MethodInvocationHelper.java:108)
  org.testng.internal.Invoker.invokeConfigurationMethod(Invoker.java:523)
  org.testng.internal.Invoker.invokeConfigurations(Invoker.java:224)
  org.testng.internal.Invoker.invokeConfigurations(Invoker.java:146)
  org.testng.internal.TestMethodWorker.invokeBeforeClassMethods(TestMethodWorker.java:166)
  org.testng.internal.TestMethodWorker.run(TestMethodWorker.java:105)
  org.testng.TestRunner.privateRun(TestRunner.java:744)
  org.testng.TestRunner.run(TestRunner.java:602)
  org.testng.SuiteRunner.runTest(SuiteRunner.java:380)
  org.testng.SuiteRunner.access$000(SuiteRunner.java:39)
  org.testng.SuiteRunner$SuiteWorker.run(SuiteRunner.java:414)
  org.testng.internal.thread.ThreadUtil$1.call(ThreadUtil.java:52)
  java.util.concurrent.FutureTask.run(Unknown Source)
  java.util.concurrent.ThreadPoolExecutor.runWorker(Unknown Source)
  java.util.concurrent.ThreadPoolExecutor$Worker.run(Unknown Source)
  java.lang.Thread.run(Unknown Source)
]]>
      </failure>

          </testcase>
  
            <testcase name="End_Exectuion_103663" time="0.0" classname="com.hotportal.tests.SanityFireFox">
          <skipped />
    </testcase>
            <testcase name="Customer_SpeedLogin_Excel_103663" time="0.0" classname="com.hotportal.tests.SanityFireFox">
          <skipped />
    </testcase>
            <testcase name="Customer_SpeedLogin_Excel_103663" time="0.0" classname="com.hotportal.tests.SanityFireFox">
          <skipped />
    </testcase>
            <testcase name="Customer_SpeedLogin_Excel_103663" time="0.0" classname="com.hotportal.tests.SanityFireFox">
          <skipped />
    </testcase>
            <testcase name="Customer_SpeedLogin_Excel_103663" time="0.0" classname="com.hotportal.tests.SanityFireFox">
          <skipped />
    </testcase>
            <testcase name="Customer_SpeedLogin_Excel_103663" time="0.0" classname="com.hotportal.tests.SanityFireFox">
          <skipped />
    </testcase>
            <testcase name="Customer_SpeedLogin_Excel_103663" time="0.0" classname="com.hotportal.tests.SanityFireFox">
          <skipped />
    </testcase>
  
  
</testsuite>
