<?xml version="1.0" encoding="UTF-8"?>
<testng-results skipped="0" failed="0" ignored="0" total="8" passed="8">
  <reporter-output>
    <line>
      <![CDATA[2018-10-24 22:18:54.564 : Start tests on: https://dev.italam.org/lms/local/compedia_services/mainservice.php?action=<br>]]>
    </line>
    <line>
      <![CDATA[2018-10-24 22:18:54.581 : START apiTestUpdateorganizationLicensing,  iteration: 1, Environment: test<br>]]>
    </line>
    <line>
      <![CDATA[2018-10-24 22:18:58.824 : FINISH apiTestUpdateorganizationLicensing,  iteration: 1  on Environment:test<br>]]>
    </line>
    <line>
      <![CDATA[2018-10-24 22:18:59.83 : START apiTest_AllCases,  iteration: 1, Environment: test<br>]]>
    </line>
    <line>
      <![CDATA[2018-10-24 22:19:03.667 : FINISH apiTest_AllCases,  iteration: 1  on Environment:test<br>]]>
    </line>
    <line>
      <![CDATA[2018-10-24 22:19:04.673 : START aapiTest_CreateOrganizationGetPassword,  iteration: 1, Environment: test<br>]]>
    </line>
    <line>
      <![CDATA[2018-10-24 22:19:06.301 : FINISH aapiTest_CreateOrganizationGetPassword,  iteration: 1  on Environment:test<br>]]>
    </line>
    <line>
      <![CDATA[2018-10-24 22:19:07.308 : START apiTest_UpdateEmail,  iteration: 1, Environment: test<br>]]>
    </line>
    <line>
      <![CDATA[2018-10-24 22:19:08.963 : FINISH apiTest_UpdateEmail,  iteration: 1  on Environment:test<br>]]>
    </line>
    <line>
      <![CDATA[2018-10-24 22:19:09.97 : START apiTest_UpdateOrgAdmin,  iteration: 1, Environment: test<br>]]>
    </line>
    <line>
      <![CDATA[2018-10-24 22:19:12.649 : FINISH apiTest_UpdateOrgAdmin,  iteration: 1  on Environment:test<br>]]>
    </line>
    <line>
      <![CDATA[2018-10-24 22:19:13.655 : START apiTest_getInitialDatan,  iteration: 1, Environment: test<br>]]>
    </line>
    <line>
      <![CDATA[2018-10-24 22:19:15.936 : FINISH apiTest_getInitialDatan,  iteration: 1  on Environment:test<br>]]>
    </line>
    <line>
      <![CDATA[2018-10-24 22:19:16.941 : START apiTest_getOrgAdmin,  iteration: 1, Environment: test<br>]]>
    </line>
    <line>
      <![CDATA[2018-10-24 22:19:18.897 : FINISH apiTest_getOrgAdmin,  iteration: 1  on Environment:test<br>]]>
    </line>
    <line>
      <![CDATA[2018-10-24 22:19:19.903 : START apiTest_getOrganizationProfile,  iteration: 1, Environment: test<br>]]>
    </line>
    <line>
      <![CDATA[2018-10-24 22:19:22.275 : FINISH apiTest_getOrganizationProfile,  iteration: 1  on Environment:test<br>]]>
    </line>
  </reporter-output>
  <suite name="Suite for Sanity REST API" duration-ms="29040" started-at="2018-10-24T19:18:54Z" finished-at="2018-10-24T19:19:23Z">
    <groups>
      <group name="sanity">
        <method signature="Tests_API_REST.apiTestUpdateorganizationLicensing(int)[pri:1, instance:com.italam.tests.Tests_API_REST@a67c67e]" name="apiTestUpdateorganizationLicensing" class="com.italam.tests.Tests_API_REST"/>
        <method signature="Tests_API_REST.apiTest_AllCases(int)[pri:1, instance:com.italam.tests.Tests_API_REST@a67c67e]" name="apiTest_AllCases" class="com.italam.tests.Tests_API_REST"/>
        <method signature="Tests_API_REST.apiTest_CreateOrganizationGetPassword(int)[pri:1, instance:com.italam.tests.Tests_API_REST@a67c67e]" name="apiTest_CreateOrganizationGetPassword" class="com.italam.tests.Tests_API_REST"/>
        <method signature="Tests_API_REST.apiTest_UpdateEmail(int)[pri:1, instance:com.italam.tests.Tests_API_REST@a67c67e]" name="apiTest_UpdateEmail" class="com.italam.tests.Tests_API_REST"/>
        <method signature="Tests_API_REST.apiTest_UpdateOrgAdmin(int)[pri:1, instance:com.italam.tests.Tests_API_REST@a67c67e]" name="apiTest_UpdateOrgAdmin" class="com.italam.tests.Tests_API_REST"/>
        <method signature="Tests_API_REST.apiTest_getInitialDatan(int)[pri:1, instance:com.italam.tests.Tests_API_REST@a67c67e]" name="apiTest_getInitialDatan" class="com.italam.tests.Tests_API_REST"/>
        <method signature="Tests_API_REST.apiTest_getOrgAdmin(int)[pri:1, instance:com.italam.tests.Tests_API_REST@a67c67e]" name="apiTest_getOrgAdmin" class="com.italam.tests.Tests_API_REST"/>
        <method signature="Tests_API_REST.apiTest_getOrganizationProfile(int)[pri:1, instance:com.italam.tests.Tests_API_REST@a67c67e]" name="apiTest_getOrganizationProfile" class="com.italam.tests.Tests_API_REST"/>
      </group> <!-- sanity -->
    </groups>
    <test name="API Tests" duration-ms="29040" started-at="2018-10-24T19:18:54Z" finished-at="2018-10-24T19:19:23Z">
      <class name="com.italam.tests.Tests_API_REST">
        <test-method status="PASS" signature="Test_prepration()[pri:0, instance:com.italam.tests.Tests_API_REST@a67c67e]" name="Test_prepration" is-config="true" duration-ms="315" started-at="2018-10-24T22:18:54Z" finished-at="2018-10-24T22:18:54Z">
          <reporter-output>
            <line>
              <![CDATA[2018-10-24 22:18:54.564 : Start tests on: https://dev.italam.org/lms/local/compedia_services/mainservice.php?action=<br>]]>
            </line>
          </reporter-output>
        </test-method> <!-- Test_prepration -->
        <test-method status="PASS" signature="apiTestUpdateorganizationLicensing(int)[pri:1, instance:com.italam.tests.Tests_API_REST@a67c67e]" name="apiTestUpdateorganizationLicensing" duration-ms="4249" started-at="2018-10-24T22:18:54Z" data-provider="iteration" finished-at="2018-10-24T22:18:58Z">
          <params>
            <param index="0">
              <value>
                <![CDATA[1]]>
              </value>
            </param>
          </params>
          <reporter-output>
            <line>
              <![CDATA[2018-10-24 22:18:54.581 : START apiTestUpdateorganizationLicensing,  iteration: 1, Environment: test<br>]]>
            </line>
            <line>
              <![CDATA[2018-10-24 22:18:58.824 : FINISH apiTestUpdateorganizationLicensing,  iteration: 1  on Environment:test<br>]]>
            </line>
          </reporter-output>
        </test-method> <!-- apiTestUpdateorganizationLicensing -->
        <test-method status="PASS" signature="Exit_Clean_After_Test()[pri:0, instance:com.italam.tests.Tests_API_REST@a67c67e]" name="Exit_Clean_After_Test" is-config="true" duration-ms="1001" started-at="2018-10-24T22:18:58Z" finished-at="2018-10-24T22:18:59Z">
          <reporter-output>
          </reporter-output>
        </test-method> <!-- Exit_Clean_After_Test -->
        <test-method status="PASS" signature="apiTest_AllCases(int)[pri:1, instance:com.italam.tests.Tests_API_REST@a67c67e]" name="apiTest_AllCases" duration-ms="3839" started-at="2018-10-24T22:18:59Z" data-provider="iteration" finished-at="2018-10-24T22:19:03Z">
          <params>
            <param index="0">
              <value>
                <![CDATA[1]]>
              </value>
            </param>
          </params>
          <reporter-output>
            <line>
              <![CDATA[2018-10-24 22:18:59.83 : START apiTest_AllCases,  iteration: 1, Environment: test<br>]]>
            </line>
            <line>
              <![CDATA[2018-10-24 22:19:03.667 : FINISH apiTest_AllCases,  iteration: 1  on Environment:test<br>]]>
            </line>
          </reporter-output>
        </test-method> <!-- apiTest_AllCases -->
        <test-method status="PASS" signature="Exit_Clean_After_Test()[pri:0, instance:com.italam.tests.Tests_API_REST@a67c67e]" name="Exit_Clean_After_Test" is-config="true" duration-ms="1000" started-at="2018-10-24T22:19:03Z" finished-at="2018-10-24T22:19:04Z">
          <reporter-output>
          </reporter-output>
        </test-method> <!-- Exit_Clean_After_Test -->
        <test-method status="PASS" signature="apiTest_CreateOrganizationGetPassword(int)[pri:1, instance:com.italam.tests.Tests_API_REST@a67c67e]" name="apiTest_CreateOrganizationGetPassword" duration-ms="1631" started-at="2018-10-24T22:19:04Z" data-provider="iteration" finished-at="2018-10-24T22:19:06Z">
          <params>
            <param index="0">
              <value>
                <![CDATA[1]]>
              </value>
            </param>
          </params>
          <reporter-output>
            <line>
              <![CDATA[2018-10-24 22:19:04.673 : START aapiTest_CreateOrganizationGetPassword,  iteration: 1, Environment: test<br>]]>
            </line>
            <line>
              <![CDATA[2018-10-24 22:19:06.301 : FINISH aapiTest_CreateOrganizationGetPassword,  iteration: 1  on Environment:test<br>]]>
            </line>
          </reporter-output>
        </test-method> <!-- apiTest_CreateOrganizationGetPassword -->
        <test-method status="PASS" signature="Exit_Clean_After_Test()[pri:0, instance:com.italam.tests.Tests_API_REST@a67c67e]" name="Exit_Clean_After_Test" is-config="true" duration-ms="1000" started-at="2018-10-24T22:19:06Z" finished-at="2018-10-24T22:19:07Z">
          <reporter-output>
          </reporter-output>
        </test-method> <!-- Exit_Clean_After_Test -->
        <test-method status="PASS" signature="apiTest_UpdateEmail(int)[pri:1, instance:com.italam.tests.Tests_API_REST@a67c67e]" name="apiTest_UpdateEmail" duration-ms="1658" started-at="2018-10-24T22:19:07Z" data-provider="iteration" finished-at="2018-10-24T22:19:08Z">
          <params>
            <param index="0">
              <value>
                <![CDATA[1]]>
              </value>
            </param>
          </params>
          <reporter-output>
            <line>
              <![CDATA[2018-10-24 22:19:07.308 : START apiTest_UpdateEmail,  iteration: 1, Environment: test<br>]]>
            </line>
            <line>
              <![CDATA[2018-10-24 22:19:08.963 : FINISH apiTest_UpdateEmail,  iteration: 1  on Environment:test<br>]]>
            </line>
          </reporter-output>
        </test-method> <!-- apiTest_UpdateEmail -->
        <test-method status="PASS" signature="Exit_Clean_After_Test()[pri:0, instance:com.italam.tests.Tests_API_REST@a67c67e]" name="Exit_Clean_After_Test" is-config="true" duration-ms="1000" started-at="2018-10-24T22:19:08Z" finished-at="2018-10-24T22:19:09Z">
          <reporter-output>
          </reporter-output>
        </test-method> <!-- Exit_Clean_After_Test -->
        <test-method status="PASS" signature="apiTest_UpdateOrgAdmin(int)[pri:1, instance:com.italam.tests.Tests_API_REST@a67c67e]" name="apiTest_UpdateOrgAdmin" duration-ms="2681" started-at="2018-10-24T22:19:09Z" data-provider="iteration" finished-at="2018-10-24T22:19:12Z">
          <params>
            <param index="0">
              <value>
                <![CDATA[1]]>
              </value>
            </param>
          </params>
          <reporter-output>
            <line>
              <![CDATA[2018-10-24 22:19:09.97 : START apiTest_UpdateOrgAdmin,  iteration: 1, Environment: test<br>]]>
            </line>
            <line>
              <![CDATA[2018-10-24 22:19:12.649 : FINISH apiTest_UpdateOrgAdmin,  iteration: 1  on Environment:test<br>]]>
            </line>
          </reporter-output>
        </test-method> <!-- apiTest_UpdateOrgAdmin -->
        <test-method status="PASS" signature="Exit_Clean_After_Test()[pri:0, instance:com.italam.tests.Tests_API_REST@a67c67e]" name="Exit_Clean_After_Test" is-config="true" duration-ms="1001" started-at="2018-10-24T22:19:12Z" finished-at="2018-10-24T22:19:13Z">
          <reporter-output>
          </reporter-output>
        </test-method> <!-- Exit_Clean_After_Test -->
        <test-method status="PASS" signature="apiTest_getInitialDatan(int)[pri:1, instance:com.italam.tests.Tests_API_REST@a67c67e]" name="apiTest_getInitialDatan" duration-ms="2283" started-at="2018-10-24T22:19:13Z" data-provider="iteration" finished-at="2018-10-24T22:19:15Z">
          <params>
            <param index="0">
              <value>
                <![CDATA[1]]>
              </value>
            </param>
          </params>
          <reporter-output>
            <line>
              <![CDATA[2018-10-24 22:19:13.655 : START apiTest_getInitialDatan,  iteration: 1, Environment: test<br>]]>
            </line>
            <line>
              <![CDATA[2018-10-24 22:19:15.936 : FINISH apiTest_getInitialDatan,  iteration: 1  on Environment:test<br>]]>
            </line>
          </reporter-output>
        </test-method> <!-- apiTest_getInitialDatan -->
        <test-method status="PASS" signature="Exit_Clean_After_Test()[pri:0, instance:com.italam.tests.Tests_API_REST@a67c67e]" name="Exit_Clean_After_Test" is-config="true" duration-ms="1000" started-at="2018-10-24T22:19:15Z" finished-at="2018-10-24T22:19:16Z">
          <reporter-output>
          </reporter-output>
        </test-method> <!-- Exit_Clean_After_Test -->
        <test-method status="PASS" signature="apiTest_getOrgAdmin(int)[pri:1, instance:com.italam.tests.Tests_API_REST@a67c67e]" name="apiTest_getOrgAdmin" duration-ms="1958" started-at="2018-10-24T22:19:16Z" data-provider="iteration" finished-at="2018-10-24T22:19:18Z">
          <params>
            <param index="0">
              <value>
                <![CDATA[1]]>
              </value>
            </param>
          </params>
          <reporter-output>
            <line>
              <![CDATA[2018-10-24 22:19:16.941 : START apiTest_getOrgAdmin,  iteration: 1, Environment: test<br>]]>
            </line>
            <line>
              <![CDATA[2018-10-24 22:19:18.897 : FINISH apiTest_getOrgAdmin,  iteration: 1  on Environment:test<br>]]>
            </line>
          </reporter-output>
        </test-method> <!-- apiTest_getOrgAdmin -->
        <test-method status="PASS" signature="Exit_Clean_After_Test()[pri:0, instance:com.italam.tests.Tests_API_REST@a67c67e]" name="Exit_Clean_After_Test" is-config="true" duration-ms="1000" started-at="2018-10-24T22:19:18Z" finished-at="2018-10-24T22:19:19Z">
          <reporter-output>
          </reporter-output>
        </test-method> <!-- Exit_Clean_After_Test -->
        <test-method status="PASS" signature="apiTest_getOrganizationProfile(int)[pri:1, instance:com.italam.tests.Tests_API_REST@a67c67e]" name="apiTest_getOrganizationProfile" duration-ms="2374" started-at="2018-10-24T22:19:19Z" data-provider="iteration" finished-at="2018-10-24T22:19:22Z">
          <params>
            <param index="0">
              <value>
                <![CDATA[1]]>
              </value>
            </param>
          </params>
          <reporter-output>
            <line>
              <![CDATA[2018-10-24 22:19:19.903 : START apiTest_getOrganizationProfile,  iteration: 1, Environment: test<br>]]>
            </line>
            <line>
              <![CDATA[2018-10-24 22:19:22.275 : FINISH apiTest_getOrganizationProfile,  iteration: 1  on Environment:test<br>]]>
            </line>
          </reporter-output>
        </test-method> <!-- apiTest_getOrganizationProfile -->
        <test-method status="PASS" signature="Exit_Clean_After_Test()[pri:0, instance:com.italam.tests.Tests_API_REST@a67c67e]" name="Exit_Clean_After_Test" is-config="true" duration-ms="1001" started-at="2018-10-24T22:19:22Z" finished-at="2018-10-24T22:19:23Z">
          <reporter-output>
          </reporter-output>
        </test-method> <!-- Exit_Clean_After_Test -->
        <test-method status="PASS" signature="End_Exectuion()[pri:0, instance:com.italam.tests.Tests_API_REST@a67c67e]" name="End_Exectuion" is-config="true" duration-ms="0" started-at="2018-10-24T22:19:23Z" finished-at="2018-10-24T22:19:23Z">
          <reporter-output>
          </reporter-output>
        </test-method> <!-- End_Exectuion -->
      </class> <!-- com.italam.tests.Tests_API_REST -->
    </test> <!-- API Tests -->
  </suite> <!-- Suite for Sanity REST API -->
</testng-results>
