<?xml version="1.0" encoding="UTF-8"?>
<!-- Generated by org.testng.reporters.JUnitXMLReporter -->
<testsuite hostname="pavel-PC" ignored="0" name="API Tests" tests="8" failures="0" timestamp="24 אוק 2018 19:19:23 GMT" time="29.04" errors="0">
  <testcase name="apiTestUpdateorganizationLicensing" time="4.249" classname="com.italam.tests.Tests_API_REST"/>
  <testcase name="apiTest_AllCases" time="3.839" classname="com.italam.tests.Tests_API_REST"/>
  <testcase name="apiTest_CreateOrganizationGetPassword" time="1.631" classname="com.italam.tests.Tests_API_REST"/>
  <testcase name="apiTest_UpdateEmail" time="1.658" classname="com.italam.tests.Tests_API_REST"/>
  <testcase name="apiTest_UpdateOrgAdmin" time="2.681" classname="com.italam.tests.Tests_API_REST"/>
  <testcase name="apiTest_getInitialDatan" time="2.283" classname="com.italam.tests.Tests_API_REST"/>
  <testcase name="apiTest_getOrgAdmin" time="1.958" classname="com.italam.tests.Tests_API_REST"/>
  <testcase name="apiTest_getOrganizationProfile" time="2.374" classname="com.italam.tests.Tests_API_REST"/>
</testsuite> <!-- API Tests -->
